<?xml version="1.0" encoding="UTF-8"?>
<testng-results ignored="3" total="5" passed="2" failed="0" skipped="0">
  <reporter-output>
  </reporter-output>
  <suite started-at="2023-10-19T11:43:29 IST" name="Suite" finished-at="2023-10-19T11:44:13 IST" duration-ms="43487">
    <groups>
    </groups>
    <test started-at="2023-10-19T11:43:29 IST" name="Test" finished-at="2023-10-19T11:44:13 IST" duration-ms="43487">
      <class name="TestCases.billpayment">
        <test-method is-config="true" signature="LaunchBrowser()[pri:0, instance:TestCases.billpayment@49ec71f8]" started-at="2023-10-19T11:43:48 IST" name="LaunchBrowser" finished-at="2023-10-19T11:43:57 IST" duration-ms="8714" status="PASS">
          <reporter-output>
          </reporter-output>
        </test-method> <!-- LaunchBrowser -->
        <test-method signature="Login()[pri:0, instance:TestCases.billpayment@49ec71f8]" started-at="2023-10-19T11:43:57 IST" name="Login" finished-at="2023-10-19T11:44:11 IST" duration-ms="13543" status="PASS">
          <reporter-output>
          </reporter-output>
        </test-method> <!-- Login -->
      </class> <!-- TestCases.billpayment -->
      <class name="TestCases.VrifyRegester">
        <test-method is-config="true" signature="ExtentReport()[pri:0, instance:TestCases.VrifyRegester@6c64cb25]" started-at="2023-10-19T11:43:29 IST" name="ExtentReport" finished-at="2023-10-19T11:43:31 IST" duration-ms="1191" status="PASS">
          <reporter-output>
          </reporter-output>
        </test-method> <!-- ExtentReport -->
        <test-method is-config="true" signature="LaunchBrowser()[pri:0, instance:TestCases.VrifyRegester@6c64cb25]" started-at="2023-10-19T11:43:31 IST" name="LaunchBrowser" finished-at="2023-10-19T11:43:44 IST" duration-ms="13787" status="PASS">
          <reporter-output>
          </reporter-output>
        </test-method> <!-- LaunchBrowser -->
        <test-method signature="Regester()[pri:0, instance:TestCases.VrifyRegester@6c64cb25]" started-at="2023-10-19T11:43:44 IST" name="Regester" finished-at="2023-10-19T11:43:48 IST" duration-ms="4042" status="PASS">
          <reporter-output>
          </reporter-output>
        </test-method> <!-- Regester -->
        <test-method is-config="true" signature="endReport()[pri:0, instance:TestCases.VrifyRegester@6c64cb25]" started-at="2023-10-19T11:44:11 IST" name="endReport" finished-at="2023-10-19T11:44:13 IST" duration-ms="2082" status="PASS">
          <reporter-output>
          </reporter-output>
        </test-method> <!-- endReport -->
        <test-method is-config="true" signature="quitBrowser()[pri:0, instance:TestCases.VrifyRegester@6c64cb25]" started-at="2023-10-19T11:44:13 IST" name="quitBrowser" finished-at="2023-10-19T11:44:14 IST" duration-ms="1453" status="PASS">
          <reporter-output>
          </reporter-output>
        </test-method> <!-- quitBrowser -->
      </class> <!-- TestCases.VrifyRegester -->
    </test> <!-- Test -->
  </suite> <!-- Suite -->
</testng-results>
