<?xml version="1.0" encoding="UTF-8"?>
<testng-results ignored="3" total="5" passed="2" failed="0" skipped="0">
  <reporter-output>
  </reporter-output>
  <suite started-at="2023-10-19T17:38:43 IST" name="Suite" finished-at="2023-10-19T17:39:21 IST" duration-ms="37920">
    <groups>
    </groups>
    <test started-at="2023-10-19T17:38:43 IST" name="Test" finished-at="2023-10-19T17:39:21 IST" duration-ms="37920">
      <class name="TestCases.billpayment">
        <test-method is-config="true" signature="LaunchBrowser()[pri:0, instance:TestCases.billpayment@49ec71f8]" started-at="2023-10-19T17:39:01 IST" name="LaunchBrowser" finished-at="2023-10-19T17:39:05 IST" duration-ms="4254" status="PASS">
          <reporter-output>
          </reporter-output>
        </test-method> <!-- LaunchBrowser -->
        <test-method signature="Login()[pri:0, instance:TestCases.billpayment@49ec71f8]" started-at="2023-10-19T17:39:05 IST" name="Login" finished-at="2023-10-19T17:39:20 IST" duration-ms="14555" status="PASS">
          <reporter-output>
          </reporter-output>
        </test-method> <!-- Login -->
      </class> <!-- TestCases.billpayment -->
      <class name="TestCases.VrifyRegester">
        <test-method is-config="true" signature="ExtentReport()[pri:0, instance:TestCases.VrifyRegester@6c64cb25]" started-at="2023-10-19T17:38:43 IST" name="ExtentReport" finished-at="2023-10-19T17:38:44 IST" duration-ms="843" status="PASS">
          <reporter-output>
          </reporter-output>
        </test-method> <!-- ExtentReport -->
        <test-method is-config="true" signature="LaunchBrowser()[pri:0, instance:TestCases.VrifyRegester@6c64cb25]" started-at="2023-10-19T17:38:44 IST" name="LaunchBrowser" finished-at="2023-10-19T17:38:57 IST" duration-ms="13138" status="PASS">
          <reporter-output>
          </reporter-output>
        </test-method> <!-- LaunchBrowser -->
        <test-method signature="Regester()[pri:0, instance:TestCases.VrifyRegester@6c64cb25]" started-at="2023-10-19T17:38:57 IST" name="Regester" finished-at="2023-10-19T17:39:01 IST" duration-ms="3545" status="PASS">
          <reporter-output>
          </reporter-output>
        </test-method> <!-- Regester -->
        <test-method is-config="true" signature="endReport()[pri:0, instance:TestCases.VrifyRegester@6c64cb25]" started-at="2023-10-19T17:39:20 IST" name="endReport" finished-at="2023-10-19T17:39:21 IST" duration-ms="1470" status="PASS">
          <reporter-output>
          </reporter-output>
        </test-method> <!-- endReport -->
        <test-method is-config="true" signature="quitBrowser()[pri:0, instance:TestCases.VrifyRegester@6c64cb25]" started-at="2023-10-19T17:39:21 IST" name="quitBrowser" finished-at="2023-10-19T17:39:24 IST" duration-ms="2627" status="PASS">
          <reporter-output>
          </reporter-output>
        </test-method> <!-- quitBrowser -->
      </class> <!-- TestCases.VrifyRegester -->
    </test> <!-- Test -->
  </suite> <!-- Suite -->
</testng-results>
